Status: FAILED
Code length: 11787 chars
---
Traceback (most recent call last):
  File "/var/folders/ds/vkr9_7597bn716q_854r79l00000gn/T/laser_eval_9dt3u987.py", line 42, in <module>
    from laser_core import LaserFrame, PropertySet
ModuleNotFoundError: No module named 'laser_core'

