Status: FAILED
Code length: 14794 chars
---
Traceback (most recent call last):
  File "/var/folders/ds/vkr9_7597bn716q_854r79l00000gn/T/laser_eval_dqwj__jy.py", line 55, in <module>
    from laser_core import LaserFrame, PropertySet
ModuleNotFoundError: No module named 'laser_core'

