Status: FAILED
Code length: 18956 chars
---
Traceback (most recent call last):
  File "/var/folders/ds/vkr9_7597bn716q_854r79l00000gn/T/laser_eval_vpsbscsn.py", line 74, in <module>
    from laser_core import LaserFrame, PropertySet
ModuleNotFoundError: No module named 'laser_core'

